INFO - 2024-03-24 09:56:40 --> Session: Class initialized using 'CodeIgniter\Session\Handlers\FileHandler' driver.
CRITICAL - 2024-03-24 09:56:40 --> ErrorException: Undefined array key "departureTerminalID"
in APPPATH\Controllers\Bilet.php on line 23.
 1 APPPATH\Controllers\Bilet.php(23): CodeIgniter\Debug\Exceptions->errorHandler(2, 'Undefined array key "departureTerminalID"', 'C:\\xampp\\htdocs\\Busla\\app\\Controllers\\Bilet.php', 23)
 2 SYSTEMPATH\CodeIgniter.php(941): App\Controllers\Bilet->biletBul()
 3 SYSTEMPATH\CodeIgniter.php(502): CodeIgniter\CodeIgniter->runController(Object(App\Controllers\Bilet))
 4 SYSTEMPATH\CodeIgniter.php(361): CodeIgniter\CodeIgniter->handleRequest(null, Object(Config\Cache), false)
 5 FCPATH\index.php(79): CodeIgniter\CodeIgniter->run()
 6 SYSTEMPATH\Commands\Server\rewrite.php(47): require_once('C:\\xampp\\htdocs\\Busla\\public\\index.php')
CRITICAL - 2024-03-24 10:15:26 --> ErrorException: Undefined array key "departureTerminalID"
in APPPATH\Controllers\Bilet.php on line 23.
 1 APPPATH\Controllers\Bilet.php(23): CodeIgniter\Debug\Exceptions->errorHandler(2, 'Undefined array key "departureTerminalID"', 'C:\\xampp\\htdocs\\Busla\\app\\Controllers\\Bilet.php', 23)
 2 SYSTEMPATH\CodeIgniter.php(941): App\Controllers\Bilet->biletBul()
 3 SYSTEMPATH\CodeIgniter.php(502): CodeIgniter\CodeIgniter->runController(Object(App\Controllers\Bilet))
 4 SYSTEMPATH\CodeIgniter.php(361): CodeIgniter\CodeIgniter->handleRequest(null, Object(Config\Cache), false)
 5 FCPATH\index.php(79): CodeIgniter\CodeIgniter->run()
 6 SYSTEMPATH\Commands\Server\rewrite.php(47): require_once('C:\\xampp\\htdocs\\Busla\\public\\index.php')
INFO - 2024-03-24 10:16:10 --> Session: Class initialized using 'CodeIgniter\Session\Handlers\FileHandler' driver.
CRITICAL - 2024-03-24 10:16:10 --> ErrorException: Undefined array key "departureTerminalID"
in APPPATH\Controllers\Bilet.php on line 23.
 1 APPPATH\Controllers\Bilet.php(23): CodeIgniter\Debug\Exceptions->errorHandler(2, 'Undefined array key "departureTerminalID"', 'C:\\xampp\\htdocs\\Busla\\app\\Controllers\\Bilet.php', 23)
 2 SYSTEMPATH\CodeIgniter.php(941): App\Controllers\Bilet->biletBul()
 3 SYSTEMPATH\CodeIgniter.php(502): CodeIgniter\CodeIgniter->runController(Object(App\Controllers\Bilet))
 4 SYSTEMPATH\CodeIgniter.php(361): CodeIgniter\CodeIgniter->handleRequest(null, Object(Config\Cache), false)
 5 FCPATH\index.php(79): CodeIgniter\CodeIgniter->run()
 6 SYSTEMPATH\Commands\Server\rewrite.php(47): require_once('C:\\xampp\\htdocs\\Busla\\public\\index.php')
CRITICAL - 2024-03-24 11:24:50 --> ErrorException: Undefined array key "departureTerminalID"
in APPPATH\Controllers\Bilet.php on line 23.
 1 APPPATH\Controllers\Bilet.php(23): CodeIgniter\Debug\Exceptions->errorHandler(2, 'Undefined array key "departureTerminalID"', 'C:\\xampp\\htdocs\\Busla\\app\\Controllers\\Bilet.php', 23)
 2 SYSTEMPATH\CodeIgniter.php(941): App\Controllers\Bilet->biletBul()
 3 SYSTEMPATH\CodeIgniter.php(502): CodeIgniter\CodeIgniter->runController(Object(App\Controllers\Bilet))
 4 SYSTEMPATH\CodeIgniter.php(361): CodeIgniter\CodeIgniter->handleRequest(null, Object(Config\Cache), false)
 5 FCPATH\index.php(79): CodeIgniter\CodeIgniter->run()
 6 SYSTEMPATH\Commands\Server\rewrite.php(47): require_once('C:\\xampp\\htdocs\\Busla\\public\\index.php')
CRITICAL - 2024-03-24 11:27:17 --> ErrorException: Undefined array key "departureTerminalID"
in APPPATH\Controllers\Bilet.php on line 23.
 1 APPPATH\Controllers\Bilet.php(23): CodeIgniter\Debug\Exceptions->errorHandler(2, 'Undefined array key "departureTerminalID"', 'C:\\xampp\\htdocs\\Busla\\app\\Controllers\\Bilet.php', 23)
 2 SYSTEMPATH\CodeIgniter.php(941): App\Controllers\Bilet->biletBul()
 3 SYSTEMPATH\CodeIgniter.php(502): CodeIgniter\CodeIgniter->runController(Object(App\Controllers\Bilet))
 4 SYSTEMPATH\CodeIgniter.php(361): CodeIgniter\CodeIgniter->handleRequest(null, Object(Config\Cache), false)
 5 FCPATH\index.php(79): CodeIgniter\CodeIgniter->run()
 6 SYSTEMPATH\Commands\Server\rewrite.php(47): require_once('C:\\xampp\\htdocs\\Busla\\public\\index.php')
CRITICAL - 2024-03-24 11:49:47 --> ErrorException: Undefined array key 1234
in SYSTEMPATH\HTTP\URI.php on line 371.
 1 SYSTEMPATH\HTTP\URI.php(371): CodeIgniter\Debug\Exceptions->errorHandler(2, 'Undefined array key 1234', 'C:\\xampp\\htdocs\\Busla\\system\\HTTP\\URI.php', 371)
 2 SYSTEMPATH\HTTP\URI.php(635): CodeIgniter\HTTP\URI->getAuthority()
 3 SYSTEMPATH\HTTP\SiteURI.php(111): CodeIgniter\HTTP\URI->__toString()
 4 SYSTEMPATH\HTTP\SiteURI.php(386): CodeIgniter\HTTP\SiteURI->__construct(Object(Config\App), 'payment', 'localhost', '1234')
 5 SYSTEMPATH\Helpers\url_helper.php(58): CodeIgniter\HTTP\SiteURI->baseUrl('payment', '1234')
 6 APPPATH\Views\dashboard\biletBul.php(197): base_url('payment', '1234')
 7 SYSTEMPATH\View\View.php(228): include('C:\\xampp\\htdocs\\Busla\\app\\Views\\dashboard\\biletBul.php')
 8 SYSTEMPATH\View\View.php(231): CodeIgniter\View\View->CodeIgniter\View\{closure}()
 9 SYSTEMPATH\Common.php(1178): CodeIgniter\View\View->render('dashboard/biletBul', [], true)
10 APPPATH\Controllers\Bilet.php(33): view('dashboard/biletBul', [...])
11 SYSTEMPATH\CodeIgniter.php(941): App\Controllers\Bilet->biletBul()
12 SYSTEMPATH\CodeIgniter.php(502): CodeIgniter\CodeIgniter->runController(Object(App\Controllers\Bilet))
13 SYSTEMPATH\CodeIgniter.php(361): CodeIgniter\CodeIgniter->handleRequest(null, Object(Config\Cache), false)
14 FCPATH\index.php(79): CodeIgniter\CodeIgniter->run()
15 SYSTEMPATH\Commands\Server\rewrite.php(47): require_once('C:\\xampp\\htdocs\\Busla\\public\\index.php')
CRITICAL - 2024-03-24 11:50:03 --> ErrorException: Undefined array key "departureTerminalID"
in APPPATH\Controllers\Bilet.php on line 23.
 1 APPPATH\Controllers\Bilet.php(23): CodeIgniter\Debug\Exceptions->errorHandler(2, 'Undefined array key "departureTerminalID"', 'C:\\xampp\\htdocs\\Busla\\app\\Controllers\\Bilet.php', 23)
 2 SYSTEMPATH\CodeIgniter.php(941): App\Controllers\Bilet->biletBul()
 3 SYSTEMPATH\CodeIgniter.php(502): CodeIgniter\CodeIgniter->runController(Object(App\Controllers\Bilet))
 4 SYSTEMPATH\CodeIgniter.php(361): CodeIgniter\CodeIgniter->handleRequest(null, Object(Config\Cache), false)
 5 FCPATH\index.php(79): CodeIgniter\CodeIgniter->run()
 6 SYSTEMPATH\Commands\Server\rewrite.php(47): require_once('C:\\xampp\\htdocs\\Busla\\public\\index.php')
ERROR - 2024-03-24 11:50:14 --> mysqli_sql_exception: Incorrect DATE value: '' in C:\xampp\htdocs\Busla\system\Database\MySQLi\Connection.php:306
Stack trace:
#0 C:\xampp\htdocs\Busla\system\Database\MySQLi\Connection.php(306): mysqli->query('SELECT `tripID`...', 0)
#1 C:\xampp\htdocs\Busla\system\Database\BaseConnection.php(693): CodeIgniter\Database\MySQLi\Connection->execute('SELECT `tripID`...')
#2 C:\xampp\htdocs\Busla\system\Database\BaseConnection.php(607): CodeIgniter\Database\BaseConnection->simpleQuery('SELECT `tripID`...')
#3 C:\xampp\htdocs\Busla\system\Database\BaseBuilder.php(1616): CodeIgniter\Database\BaseConnection->query('SELECT `tripID`...', Array, false)
#4 C:\xampp\htdocs\Busla\system\Model.php(242): CodeIgniter\Database\BaseBuilder->get()
#5 C:\xampp\htdocs\Busla\system\BaseModel.php(638): CodeIgniter\Model->doFindAll(0, 0)
#6 C:\xampp\htdocs\Busla\app\Controllers\Bilet.php(54): CodeIgniter\BaseModel->findAll()
#7 C:\xampp\htdocs\Busla\system\CodeIgniter.php(941): App\Controllers\Bilet->biletAra()
#8 C:\xampp\htdocs\Busla\system\CodeIgniter.php(502): CodeIgniter\CodeIgniter->runController(Object(App\Controllers\Bilet))
#9 C:\xampp\htdocs\Busla\system\CodeIgniter.php(361): CodeIgniter\CodeIgniter->handleRequest(NULL, Object(Config\Cache), false)
#10 C:\xampp\htdocs\Busla\public\index.php(79): CodeIgniter\CodeIgniter->run()
#11 C:\xampp\htdocs\Busla\system\Commands\Server\rewrite.php(47): require_once('C:\\xampp\\htdocs...')
#12 {main}
CRITICAL - 2024-03-24 11:50:14 --> CodeIgniter\Database\Exceptions\DatabaseException: Incorrect DATE value: ''
in SYSTEMPATH\Database\BaseConnection.php on line 647.
 1 SYSTEMPATH\Database\BaseBuilder.php(1616): CodeIgniter\Database\BaseConnection->query('SELECT `tripID`, `tripType`, `departureTime`, `arrivalTime`, `departure`.`city` AS `departureCity`, `arrival`.`city` AS `arrivalCity`, `departure`.`terminalName` AS `departureTerminal`, `arrival`.`terminalName` AS `arrivalTerminal`, `busCompanyID`, `busPlate`
FROM `seyahatlertablosu`
JOIN `terminaller` AS `departure` ON `departure`.`terminalID` = `seyahatlertablosu`.`departureTerminalID`
JOIN `terminaller` AS `arrival` ON `arrival`.`terminalID` = `seyahatlertablosu`.`arrivalTerminalID`
WHERE `departure`.`city` = :departure.city:
AND `arrival`.`city` = :arrival.city:
AND DATE(departureTime) = :DATE(departureTime):
AND `tripType` IN :tripType:', [...], false)
 2 SYSTEMPATH\Model.php(242): CodeIgniter\Database\BaseBuilder->get()
 3 SYSTEMPATH\BaseModel.php(638): CodeIgniter\Model->doFindAll(0, 0)
 4 APPPATH\Controllers\Bilet.php(54): CodeIgniter\BaseModel->findAll()
 5 SYSTEMPATH\CodeIgniter.php(941): App\Controllers\Bilet->biletAra()
 6 SYSTEMPATH\CodeIgniter.php(502): CodeIgniter\CodeIgniter->runController(Object(App\Controllers\Bilet))
 7 SYSTEMPATH\CodeIgniter.php(361): CodeIgniter\CodeIgniter->handleRequest(null, Object(Config\Cache), false)
 8 FCPATH\index.php(79): CodeIgniter\CodeIgniter->run()
 9 SYSTEMPATH\Commands\Server\rewrite.php(47): require_once('C:\\xampp\\htdocs\\Busla\\public\\index.php')
CRITICAL - 2024-03-24 11:50:14 --> [Caused by] CodeIgniter\Database\Exceptions\DatabaseException: Incorrect DATE value: ''
in SYSTEMPATH\Database\MySQLi\Connection.php on line 311.
 1 SYSTEMPATH\Database\BaseConnection.php(693): CodeIgniter\Database\MySQLi\Connection->execute('SELECT `tripID`, `tripType`, `departureTime`, `arrivalTime`, `departure`.`city` AS `departureCity`, `arrival`.`city` AS `arrivalCity`, `departure`.`terminalName` AS `departureTerminal`, `arrival`.`terminalName` AS `arrivalTerminal`, `busCompanyID`, `busPlate`
FROM `seyahatlertablosu`
JOIN `terminaller` AS `departure` ON `departure`.`terminalID` = `seyahatlertablosu`.`departureTerminalID`
JOIN `terminaller` AS `arrival` ON `arrival`.`terminalID` = `seyahatlertablosu`.`arrivalTerminalID`
WHERE `departure`.`city` = \'İstanbul\'
AND `arrival`.`city` = \'İzmir\'
AND DATE(departureTime) = \'\'
AND `tripType` IN (\'OneWay\')')
 2 SYSTEMPATH\Database\BaseConnection.php(607): CodeIgniter\Database\BaseConnection->simpleQuery('SELECT `tripID`, `tripType`, `departureTime`, `arrivalTime`, `departure`.`city` AS `departureCity`, `arrival`.`city` AS `arrivalCity`, `departure`.`terminalName` AS `departureTerminal`, `arrival`.`terminalName` AS `arrivalTerminal`, `busCompanyID`, `busPlate`
FROM `seyahatlertablosu`
JOIN `terminaller` AS `departure` ON `departure`.`terminalID` = `seyahatlertablosu`.`departureTerminalID`
JOIN `terminaller` AS `arrival` ON `arrival`.`terminalID` = `seyahatlertablosu`.`arrivalTerminalID`
WHERE `departure`.`city` = \'İstanbul\'
AND `arrival`.`city` = \'İzmir\'
AND DATE(departureTime) = \'\'
AND `tripType` IN (\'OneWay\')')
 3 SYSTEMPATH\Database\BaseBuilder.php(1616): CodeIgniter\Database\BaseConnection->query('SELECT `tripID`, `tripType`, `departureTime`, `arrivalTime`, `departure`.`city` AS `departureCity`, `arrival`.`city` AS `arrivalCity`, `departure`.`terminalName` AS `departureTerminal`, `arrival`.`terminalName` AS `arrivalTerminal`, `busCompanyID`, `busPlate`
FROM `seyahatlertablosu`
JOIN `terminaller` AS `departure` ON `departure`.`terminalID` = `seyahatlertablosu`.`departureTerminalID`
JOIN `terminaller` AS `arrival` ON `arrival`.`terminalID` = `seyahatlertablosu`.`arrivalTerminalID`
WHERE `departure`.`city` = :departure.city:
AND `arrival`.`city` = :arrival.city:
AND DATE(departureTime) = :DATE(departureTime):
AND `tripType` IN :tripType:', [...], false)
 4 SYSTEMPATH\Model.php(242): CodeIgniter\Database\BaseBuilder->get()
 5 SYSTEMPATH\BaseModel.php(638): CodeIgniter\Model->doFindAll(0, 0)
 6 APPPATH\Controllers\Bilet.php(54): CodeIgniter\BaseModel->findAll()
 7 SYSTEMPATH\CodeIgniter.php(941): App\Controllers\Bilet->biletAra()
 8 SYSTEMPATH\CodeIgniter.php(502): CodeIgniter\CodeIgniter->runController(Object(App\Controllers\Bilet))
 9 SYSTEMPATH\CodeIgniter.php(361): CodeIgniter\CodeIgniter->handleRequest(null, Object(Config\Cache), false)
10 FCPATH\index.php(79): CodeIgniter\CodeIgniter->run()
11 SYSTEMPATH\Commands\Server\rewrite.php(47): require_once('C:\\xampp\\htdocs\\Busla\\public\\index.php')
CRITICAL - 2024-03-24 11:50:14 --> [Caused by] mysqli_sql_exception: Incorrect DATE value: ''
in SYSTEMPATH\Database\MySQLi\Connection.php on line 306.
 1 SYSTEMPATH\Database\MySQLi\Connection.php(306): mysqli->query('SELECT `tripID`, `tripType`, `departureTime`, `arrivalTime`, `departure`.`city` AS `departureCity`, `arrival`.`city` AS `arrivalCity`, `departure`.`terminalName` AS `departureTerminal`, `arrival`.`terminalName` AS `arrivalTerminal`, `busCompanyID`, `busPlate`
FROM `seyahatlertablosu`
JOIN `terminaller` AS `departure` ON `departure`.`terminalID` = `seyahatlertablosu`.`departureTerminalID`
JOIN `terminaller` AS `arrival` ON `arrival`.`terminalID` = `seyahatlertablosu`.`arrivalTerminalID`
WHERE `departure`.`city` = \'İstanbul\'
AND `arrival`.`city` = \'İzmir\'
AND DATE(departureTime) = \'\'
AND `tripType` IN (\'OneWay\')', 0)
 2 SYSTEMPATH\Database\BaseConnection.php(693): CodeIgniter\Database\MySQLi\Connection->execute('SELECT `tripID`, `tripType`, `departureTime`, `arrivalTime`, `departure`.`city` AS `departureCity`, `arrival`.`city` AS `arrivalCity`, `departure`.`terminalName` AS `departureTerminal`, `arrival`.`terminalName` AS `arrivalTerminal`, `busCompanyID`, `busPlate`
FROM `seyahatlertablosu`
JOIN `terminaller` AS `departure` ON `departure`.`terminalID` = `seyahatlertablosu`.`departureTerminalID`
JOIN `terminaller` AS `arrival` ON `arrival`.`terminalID` = `seyahatlertablosu`.`arrivalTerminalID`
WHERE `departure`.`city` = \'İstanbul\'
AND `arrival`.`city` = \'İzmir\'
AND DATE(departureTime) = \'\'
AND `tripType` IN (\'OneWay\')')
 3 SYSTEMPATH\Database\BaseConnection.php(607): CodeIgniter\Database\BaseConnection->simpleQuery('SELECT `tripID`, `tripType`, `departureTime`, `arrivalTime`, `departure`.`city` AS `departureCity`, `arrival`.`city` AS `arrivalCity`, `departure`.`terminalName` AS `departureTerminal`, `arrival`.`terminalName` AS `arrivalTerminal`, `busCompanyID`, `busPlate`
FROM `seyahatlertablosu`
JOIN `terminaller` AS `departure` ON `departure`.`terminalID` = `seyahatlertablosu`.`departureTerminalID`
JOIN `terminaller` AS `arrival` ON `arrival`.`terminalID` = `seyahatlertablosu`.`arrivalTerminalID`
WHERE `departure`.`city` = \'İstanbul\'
AND `arrival`.`city` = \'İzmir\'
AND DATE(departureTime) = \'\'
AND `tripType` IN (\'OneWay\')')
 4 SYSTEMPATH\Database\BaseBuilder.php(1616): CodeIgniter\Database\BaseConnection->query('SELECT `tripID`, `tripType`, `departureTime`, `arrivalTime`, `departure`.`city` AS `departureCity`, `arrival`.`city` AS `arrivalCity`, `departure`.`terminalName` AS `departureTerminal`, `arrival`.`terminalName` AS `arrivalTerminal`, `busCompanyID`, `busPlate`
FROM `seyahatlertablosu`
JOIN `terminaller` AS `departure` ON `departure`.`terminalID` = `seyahatlertablosu`.`departureTerminalID`
JOIN `terminaller` AS `arrival` ON `arrival`.`terminalID` = `seyahatlertablosu`.`arrivalTerminalID`
WHERE `departure`.`city` = :departure.city:
AND `arrival`.`city` = :arrival.city:
AND DATE(departureTime) = :DATE(departureTime):
AND `tripType` IN :tripType:', [...], false)
 5 SYSTEMPATH\Model.php(242): CodeIgniter\Database\BaseBuilder->get()
 6 SYSTEMPATH\BaseModel.php(638): CodeIgniter\Model->doFindAll(0, 0)
 7 APPPATH\Controllers\Bilet.php(54): CodeIgniter\BaseModel->findAll()
 8 SYSTEMPATH\CodeIgniter.php(941): App\Controllers\Bilet->biletAra()
 9 SYSTEMPATH\CodeIgniter.php(502): CodeIgniter\CodeIgniter->runController(Object(App\Controllers\Bilet))
10 SYSTEMPATH\CodeIgniter.php(361): CodeIgniter\CodeIgniter->handleRequest(null, Object(Config\Cache), false)
11 FCPATH\index.php(79): CodeIgniter\CodeIgniter->run()
12 SYSTEMPATH\Commands\Server\rewrite.php(47): require_once('C:\\xampp\\htdocs\\Busla\\public\\index.php')
CRITICAL - 2024-03-24 13:10:44 --> Error: Call to undefined method Iyzipay\Model\Payment::getCheckoutFormContent()
in APPPATH\Controllers\OdemeController.php on line 77.
 1 SYSTEMPATH\CodeIgniter.php(941): App\Controllers\OdemeController->payment()
 2 SYSTEMPATH\CodeIgniter.php(502): CodeIgniter\CodeIgniter->runController(Object(App\Controllers\OdemeController))
 3 SYSTEMPATH\CodeIgniter.php(361): CodeIgniter\CodeIgniter->handleRequest(null, Object(Config\Cache), false)
 4 FCPATH\index.php(79): CodeIgniter\CodeIgniter->run()
 5 SYSTEMPATH\Commands\Server\rewrite.php(47): require_once('C:\\xampp\\htdocs\\Busla\\public\\index.php')
CRITICAL - 2024-03-24 13:10:49 --> ErrorException: Undefined variable $paymentContent
in APPPATH\Views\dashboard\odeme.php on line 9.
 1 APPPATH\Views\dashboard\odeme.php(9): CodeIgniter\Debug\Exceptions->errorHandler(2, 'Undefined variable $paymentContent', 'C:\\xampp\\htdocs\\Busla\\app\\Views\\dashboard\\odeme.php', 9)
 2 SYSTEMPATH\View\View.php(228): include('C:\\xampp\\htdocs\\Busla\\app\\Views\\dashboard\\odeme.php')
 3 SYSTEMPATH\View\View.php(231): CodeIgniter\View\View->CodeIgniter\View\{closure}()
 4 SYSTEMPATH\Common.php(1178): CodeIgniter\View\View->render('dashboard/odeme', [], true)
 5 APPPATH\Controllers\OdemeController.php(11): view('dashboard/odeme')
 6 SYSTEMPATH\CodeIgniter.php(941): App\Controllers\OdemeController->index()
 7 SYSTEMPATH\CodeIgniter.php(502): CodeIgniter\CodeIgniter->runController(Object(App\Controllers\OdemeController))
 8 SYSTEMPATH\CodeIgniter.php(361): CodeIgniter\CodeIgniter->handleRequest(null, Object(Config\Cache), false)
 9 FCPATH\index.php(79): CodeIgniter\CodeIgniter->run()
10 SYSTEMPATH\Commands\Server\rewrite.php(47): require_once('C:\\xampp\\htdocs\\Busla\\public\\index.php')
CRITICAL - 2024-03-24 13:11:36 --> ErrorException: Undefined variable $paymentContent
in APPPATH\Views\dashboard\odeme.php on line 9.
 1 APPPATH\Views\dashboard\odeme.php(9): CodeIgniter\Debug\Exceptions->errorHandler(2, 'Undefined variable $paymentContent', 'C:\\xampp\\htdocs\\Busla\\app\\Views\\dashboard\\odeme.php', 9)
 2 SYSTEMPATH\View\View.php(228): include('C:\\xampp\\htdocs\\Busla\\app\\Views\\dashboard\\odeme.php')
 3 SYSTEMPATH\View\View.php(231): CodeIgniter\View\View->CodeIgniter\View\{closure}()
 4 SYSTEMPATH\Common.php(1178): CodeIgniter\View\View->render('dashboard/odeme', [], true)
 5 APPPATH\Controllers\OdemeController.php(11): view('dashboard/odeme')
 6 SYSTEMPATH\CodeIgniter.php(941): App\Controllers\OdemeController->index()
 7 SYSTEMPATH\CodeIgniter.php(502): CodeIgniter\CodeIgniter->runController(Object(App\Controllers\OdemeController))
 8 SYSTEMPATH\CodeIgniter.php(361): CodeIgniter\CodeIgniter->handleRequest(null, Object(Config\Cache), false)
 9 FCPATH\index.php(79): CodeIgniter\CodeIgniter->run()
10 SYSTEMPATH\Commands\Server\rewrite.php(47): require_once('C:\\xampp\\htdocs\\Busla\\public\\index.php')
CRITICAL - 2024-03-24 13:13:03 --> ErrorException: Undefined variable $paymentContent
in APPPATH\Views\dashboard\odeme.php on line 9.
 1 APPPATH\Views\dashboard\odeme.php(9): CodeIgniter\Debug\Exceptions->errorHandler(2, 'Undefined variable $paymentContent', 'C:\\xampp\\htdocs\\Busla\\app\\Views\\dashboard\\odeme.php', 9)
 2 SYSTEMPATH\View\View.php(228): include('C:\\xampp\\htdocs\\Busla\\app\\Views\\dashboard\\odeme.php')
 3 SYSTEMPATH\View\View.php(231): CodeIgniter\View\View->CodeIgniter\View\{closure}()
 4 SYSTEMPATH\Common.php(1178): CodeIgniter\View\View->render('dashboard/odeme', [], true)
 5 APPPATH\Controllers\OdemeController.php(11): view('dashboard/odeme')
 6 SYSTEMPATH\CodeIgniter.php(941): App\Controllers\OdemeController->index()
 7 SYSTEMPATH\CodeIgniter.php(502): CodeIgniter\CodeIgniter->runController(Object(App\Controllers\OdemeController))
 8 SYSTEMPATH\CodeIgniter.php(361): CodeIgniter\CodeIgniter->handleRequest(null, Object(Config\Cache), false)
 9 FCPATH\index.php(79): CodeIgniter\CodeIgniter->run()
10 SYSTEMPATH\Commands\Server\rewrite.php(47): require_once('C:\\xampp\\htdocs\\Busla\\public\\index.php')
CRITICAL - 2024-03-24 13:19:25 --> ErrorException: Undefined variable $paymentStatus
in APPPATH\Views\dashboard\odeme.php on line 10.
 1 APPPATH\Views\dashboard\odeme.php(10): CodeIgniter\Debug\Exceptions->errorHandler(2, 'Undefined variable $paymentStatus', 'C:\\xampp\\htdocs\\Busla\\app\\Views\\dashboard\\odeme.php', 10)
 2 SYSTEMPATH\View\View.php(228): include('C:\\xampp\\htdocs\\Busla\\app\\Views\\dashboard\\odeme.php')
 3 SYSTEMPATH\View\View.php(231): CodeIgniter\View\View->CodeIgniter\View\{closure}()
 4 SYSTEMPATH\Common.php(1178): CodeIgniter\View\View->render('dashboard/odeme', [], true)
 5 APPPATH\Controllers\OdemeController.php(11): view('dashboard/odeme')
 6 SYSTEMPATH\CodeIgniter.php(941): App\Controllers\OdemeController->index()
 7 SYSTEMPATH\CodeIgniter.php(502): CodeIgniter\CodeIgniter->runController(Object(App\Controllers\OdemeController))
 8 SYSTEMPATH\CodeIgniter.php(361): CodeIgniter\CodeIgniter->handleRequest(null, Object(Config\Cache), false)
 9 FCPATH\index.php(79): CodeIgniter\CodeIgniter->run()
10 SYSTEMPATH\Commands\Server\rewrite.php(47): require_once('C:\\xampp\\htdocs\\Busla\\public\\index.php')
CRITICAL - 2024-03-24 13:32:56 --> ErrorException: Undefined variable $paymentStatus
in APPPATH\Views\dashboard\odeme.php on line 10.
 1 APPPATH\Views\dashboard\odeme.php(10): CodeIgniter\Debug\Exceptions->errorHandler(2, 'Undefined variable $paymentStatus', 'C:\\xampp\\htdocs\\Busla\\app\\Views\\dashboard\\odeme.php', 10)
 2 SYSTEMPATH\View\View.php(228): include('C:\\xampp\\htdocs\\Busla\\app\\Views\\dashboard\\odeme.php')
 3 SYSTEMPATH\View\View.php(231): CodeIgniter\View\View->CodeIgniter\View\{closure}()
 4 SYSTEMPATH\Common.php(1178): CodeIgniter\View\View->render('dashboard/odeme', [], true)
 5 APPPATH\Controllers\OdemeController.php(11): view('dashboard/odeme')
 6 SYSTEMPATH\CodeIgniter.php(941): App\Controllers\OdemeController->index()
 7 SYSTEMPATH\CodeIgniter.php(502): CodeIgniter\CodeIgniter->runController(Object(App\Controllers\OdemeController))
 8 SYSTEMPATH\CodeIgniter.php(361): CodeIgniter\CodeIgniter->handleRequest(null, Object(Config\Cache), false)
 9 FCPATH\index.php(79): CodeIgniter\CodeIgniter->run()
10 SYSTEMPATH\Commands\Server\rewrite.php(47): require_once('C:\\xampp\\htdocs\\Busla\\public\\index.php')
CRITICAL - 2024-03-24 13:33:09 --> ErrorException: Undefined variable $paymentContent
in APPPATH\Views\dashboard\odeme.php on line 11.
 1 APPPATH\Views\dashboard\odeme.php(11): CodeIgniter\Debug\Exceptions->errorHandler(2, 'Undefined variable $paymentContent', 'C:\\xampp\\htdocs\\Busla\\app\\Views\\dashboard\\odeme.php', 11)
 2 SYSTEMPATH\View\View.php(228): include('C:\\xampp\\htdocs\\Busla\\app\\Views\\dashboard\\odeme.php')
 3 SYSTEMPATH\View\View.php(231): CodeIgniter\View\View->CodeIgniter\View\{closure}()
 4 SYSTEMPATH\Common.php(1178): CodeIgniter\View\View->render('dashboard/odeme', [], true)
 5 APPPATH\Controllers\OdemeController.php(11): view('dashboard/odeme')
 6 SYSTEMPATH\CodeIgniter.php(941): App\Controllers\OdemeController->index()
 7 SYSTEMPATH\CodeIgniter.php(502): CodeIgniter\CodeIgniter->runController(Object(App\Controllers\OdemeController))
 8 SYSTEMPATH\CodeIgniter.php(361): CodeIgniter\CodeIgniter->handleRequest(null, Object(Config\Cache), false)
 9 FCPATH\index.php(79): CodeIgniter\CodeIgniter->run()
10 SYSTEMPATH\Commands\Server\rewrite.php(47): require_once('C:\\xampp\\htdocs\\Busla\\public\\index.php')
CRITICAL - 2024-03-24 13:34:36 --> ErrorException: Undefined variable $paymentStatus
in APPPATH\Views\dashboard\odeme.php on line 10.
 1 APPPATH\Views\dashboard\odeme.php(10): CodeIgniter\Debug\Exceptions->errorHandler(2, 'Undefined variable $paymentStatus', 'C:\\xampp\\htdocs\\Busla\\app\\Views\\dashboard\\odeme.php', 10)
 2 SYSTEMPATH\View\View.php(228): include('C:\\xampp\\htdocs\\Busla\\app\\Views\\dashboard\\odeme.php')
 3 SYSTEMPATH\View\View.php(231): CodeIgniter\View\View->CodeIgniter\View\{closure}()
 4 SYSTEMPATH\Common.php(1178): CodeIgniter\View\View->render('dashboard/odeme', [], true)
 5 APPPATH\Controllers\OdemeController.php(11): view('dashboard/odeme')
 6 SYSTEMPATH\CodeIgniter.php(941): App\Controllers\OdemeController->index()
 7 SYSTEMPATH\CodeIgniter.php(502): CodeIgniter\CodeIgniter->runController(Object(App\Controllers\OdemeController))
 8 SYSTEMPATH\CodeIgniter.php(361): CodeIgniter\CodeIgniter->handleRequest(null, Object(Config\Cache), false)
 9 FCPATH\index.php(79): CodeIgniter\CodeIgniter->run()
10 SYSTEMPATH\Commands\Server\rewrite.php(47): require_once('C:\\xampp\\htdocs\\Busla\\public\\index.php')
CRITICAL - 2024-03-24 13:34:52 --> ErrorException: Undefined variable $paymentContent
in APPPATH\Views\dashboard\odeme.php on line 11.
 1 APPPATH\Views\dashboard\odeme.php(11): CodeIgniter\Debug\Exceptions->errorHandler(2, 'Undefined variable $paymentContent', 'C:\\xampp\\htdocs\\Busla\\app\\Views\\dashboard\\odeme.php', 11)
 2 SYSTEMPATH\View\View.php(228): include('C:\\xampp\\htdocs\\Busla\\app\\Views\\dashboard\\odeme.php')
 3 SYSTEMPATH\View\View.php(231): CodeIgniter\View\View->CodeIgniter\View\{closure}()
 4 SYSTEMPATH\Common.php(1178): CodeIgniter\View\View->render('dashboard/odeme', [], true)
 5 APPPATH\Controllers\OdemeController.php(11): view('dashboard/odeme')
 6 SYSTEMPATH\CodeIgniter.php(941): App\Controllers\OdemeController->index()
 7 SYSTEMPATH\CodeIgniter.php(502): CodeIgniter\CodeIgniter->runController(Object(App\Controllers\OdemeController))
 8 SYSTEMPATH\CodeIgniter.php(361): CodeIgniter\CodeIgniter->handleRequest(null, Object(Config\Cache), false)
 9 FCPATH\index.php(79): CodeIgniter\CodeIgniter->run()
10 SYSTEMPATH\Commands\Server\rewrite.php(47): require_once('C:\\xampp\\htdocs\\Busla\\public\\index.php')
CRITICAL - 2024-03-24 13:35:43 --> Error: Object of class Iyzipay\Model\Payment could not be converted to string
in APPPATH\Views\dashboard\odeme.php on line 11.
 1 SYSTEMPATH\View\View.php(228): include()
 2 SYSTEMPATH\View\View.php(231): CodeIgniter\View\View->CodeIgniter\View\{closure}()
 3 SYSTEMPATH\Common.php(1178): CodeIgniter\View\View->render('dashboard/odeme', [], true)
 4 APPPATH\Controllers\OdemeController.php(75): view('dashboard/odeme', [...])
 5 SYSTEMPATH\CodeIgniter.php(941): App\Controllers\OdemeController->payment()
 6 SYSTEMPATH\CodeIgniter.php(502): CodeIgniter\CodeIgniter->runController(Object(App\Controllers\OdemeController))
 7 SYSTEMPATH\CodeIgniter.php(361): CodeIgniter\CodeIgniter->handleRequest(null, Object(Config\Cache), false)
 8 FCPATH\index.php(79): CodeIgniter\CodeIgniter->run()
 9 SYSTEMPATH\Commands\Server\rewrite.php(47): require_once('C:\\xampp\\htdocs\\Busla\\public\\index.php')
CRITICAL - 2024-03-24 15:41:34 --> CodeIgniter\View\Exceptions\ViewException: Invalid file: "dashboard/login.php"
in SYSTEMPATH\Exceptions\FrameworkException.php on line 39.
 1 SYSTEMPATH\View\View.php(216): CodeIgniter\Exceptions\FrameworkException::forInvalidFile('dashboard/login.php')
 2 SYSTEMPATH\Common.php(1178): CodeIgniter\View\View->render('dashboard/login', [], true)
 3 APPPATH\Controllers\Home.php(9): view('dashboard/login')
 4 SYSTEMPATH\CodeIgniter.php(941): App\Controllers\Home->index()
 5 SYSTEMPATH\CodeIgniter.php(502): CodeIgniter\CodeIgniter->runController(Object(App\Controllers\Home))
 6 SYSTEMPATH\CodeIgniter.php(361): CodeIgniter\CodeIgniter->handleRequest(null, Object(Config\Cache), false)
 7 FCPATH\index.php(79): CodeIgniter\CodeIgniter->run()
 8 SYSTEMPATH\Commands\Server\rewrite.php(47): require_once('C:\\xampp\\htdocs\\Busla\\public\\index.php')
INFO - 2024-03-24 15:42:02 --> Session: Class initialized using 'CodeIgniter\Session\Handlers\FileHandler' driver.
CRITICAL - 2024-03-24 15:42:02 --> Error: Call to undefined function set_value()
in APPPATH\Views\auth\login.php on line 22.
 1 SYSTEMPATH\View\View.php(228): include()
 2 SYSTEMPATH\View\View.php(231): CodeIgniter\View\View->CodeIgniter\View\{closure}()
 3 SYSTEMPATH\Common.php(1178): CodeIgniter\View\View->render('auth/login', [], true)
 4 APPPATH\Controllers\Home.php(9): view('auth/login')
 5 SYSTEMPATH\CodeIgniter.php(941): App\Controllers\Home->index()
 6 SYSTEMPATH\CodeIgniter.php(502): CodeIgniter\CodeIgniter->runController(Object(App\Controllers\Home))
 7 SYSTEMPATH\CodeIgniter.php(361): CodeIgniter\CodeIgniter->handleRequest(null, Object(Config\Cache), false)
 8 FCPATH\index.php(79): CodeIgniter\CodeIgniter->run()
 9 SYSTEMPATH\Commands\Server\rewrite.php(47): require_once('C:\\xampp\\htdocs\\Busla\\public\\index.php')
INFO - 2024-03-24 16:17:40 --> Session: Class initialized using 'CodeIgniter\Session\Handlers\FileHandler' driver.
INFO - 2024-03-24 16:18:50 --> Session: Class initialized using 'CodeIgniter\Session\Handlers\FileHandler' driver.
INFO - 2024-03-24 16:25:11 --> Session: Class initialized using 'CodeIgniter\Session\Handlers\FileHandler' driver.
INFO - 2024-03-24 16:25:22 --> Session: Class initialized using 'CodeIgniter\Session\Handlers\FileHandler' driver.
