CRITICAL - 2024-03-13 10:55:41 --> ErrorException: include(pnr.php): Failed to open stream: No such file or directory
in APPPATH\Views\index.php on line 70.
 1 APPPATH\Views\index.php(70): CodeIgniter\Debug\Exceptions->errorHandler(2, 'include(pnr.php): Failed to open stream: No such file or directory', 'C:\\xampp\\htdocs\\otobus-bileti-satis-uygulamasi\\app\\Views\\index.php', 70)
 2 APPPATH\Views\index.php(70): include()
 3 SYSTEMPATH\View\View.php(228): include('C:\\xampp\\htdocs\\otobus-bileti-satis-uygulamasi\\app\\Views\\index.php')
 4 SYSTEMPATH\View\View.php(231): CodeIgniter\View\View->CodeIgniter\View\{closure}()
 5 SYSTEMPATH\Common.php(1178): CodeIgniter\View\View->render('index', [], true)
 6 APPPATH\Controllers\Home.php(9): view('index')
 7 SYSTEMPATH\CodeIgniter.php(941): App\Controllers\Home->index()
 8 SYSTEMPATH\CodeIgniter.php(502): CodeIgniter\CodeIgniter->runController(Object(App\Controllers\Home))
 9 SYSTEMPATH\CodeIgniter.php(361): CodeIgniter\CodeIgniter->handleRequest(null, Object(Config\Cache), false)
10 FCPATH\index.php(79): CodeIgniter\CodeIgniter->run()
CRITICAL - 2024-03-13 18:56:47 --> ErrorException: include(db_connect.php): Failed to open stream: No such file or directory
in APPPATH\Views\sira.php on line 2.
 1 APPPATH\Views\sira.php(2): CodeIgniter\Debug\Exceptions->errorHandler(2, 'include(db_connect.php): Failed to open stream: No such file or directory', 'C:\\xampp\\htdocs\\test\\app\\Views\\sira.php', 2)
 2 APPPATH\Views\sira.php(2): include()
 3 APPPATH\Views\index.php(678): include('C:\\xampp\\htdocs\\test\\app\\Views\\sira.php')
 4 SYSTEMPATH\View\View.php(228): include('C:\\xampp\\htdocs\\test\\app\\Views\\index.php')
 5 SYSTEMPATH\View\View.php(231): CodeIgniter\View\View->CodeIgniter\View\{closure}()
 6 SYSTEMPATH\Common.php(1178): CodeIgniter\View\View->render('index', [], true)
 7 APPPATH\Controllers\Home.php(9): view('index')
 8 SYSTEMPATH\CodeIgniter.php(941): App\Controllers\Home->index()
 9 SYSTEMPATH\CodeIgniter.php(502): CodeIgniter\CodeIgniter->runController(Object(App\Controllers\Home))
10 SYSTEMPATH\CodeIgniter.php(361): CodeIgniter\CodeIgniter->handleRequest(null, Object(Config\Cache), false)
11 FCPATH\index.php(79): CodeIgniter\CodeIgniter->run()
CRITICAL - 2024-03-13 20:00:25 --> ErrorException: Undefined property: App\Controllers\Login::$load
in APPPATH\Controllers\Login.php on line 10.
 1 APPPATH\Controllers\Login.php(10): CodeIgniter\Debug\Exceptions->errorHandler(2, 'Undefined property: App\\Controllers\\Login::$load', 'C:\\xampp\\htdocs\\test\\app\\Controllers\\Login.php', 10)
 2 SYSTEMPATH\CodeIgniter.php(941): App\Controllers\Login->index()
 3 SYSTEMPATH\CodeIgniter.php(502): CodeIgniter\CodeIgniter->runController(Object(App\Controllers\Login))
 4 SYSTEMPATH\CodeIgniter.php(361): CodeIgniter\CodeIgniter->handleRequest(null, Object(Config\Cache), false)
 5 FCPATH\index.php(79): CodeIgniter\CodeIgniter->run()
