CRITICAL - 2024-03-17 14:25:46 --> ErrorException: Undefined variable $umuttepe_seferler
in APPPATH\Views\seferler.php on line 11.
 1 APPPATH\Views\seferler.php(11): CodeIgniter\Debug\Exceptions->errorHandler(2, 'Undefined variable $umuttepe_seferler', 'C:\\xampp\\htdocs\\test\\app\\Views\\seferler.php', 11)
 2 SYSTEMPATH\View\View.php(228): include('C:\\xampp\\htdocs\\test\\app\\Views\\seferler.php')
 3 SYSTEMPATH\View\View.php(231): CodeIgniter\View\View->CodeIgniter\View\{closure}()
 4 SYSTEMPATH\Common.php(1178): CodeIgniter\View\View->render('seferler', [], true)
 5 APPPATH\Controllers\SeferlerController.php(19): view('seferler', [...])
 6 SYSTEMPATH\CodeIgniter.php(941): App\Controllers\SeferlerController->index()
 7 SYSTEMPATH\CodeIgniter.php(502): CodeIgniter\CodeIgniter->runController(Object(App\Controllers\SeferlerController))
 8 SYSTEMPATH\CodeIgniter.php(361): CodeIgniter\CodeIgniter->handleRequest(null, Object(Config\Cache), false)
 9 FCPATH\index.php(79): CodeIgniter\CodeIgniter->run()
CRITICAL - 2024-03-17 14:44:52 --> ErrorException: Undefined variable $tiket
in APPPATH\Views\seferler.php on line 21.
 1 APPPATH\Views\seferler.php(21): CodeIgniter\Debug\Exceptions->errorHandler(2, 'Undefined variable $tiket', 'C:\\xampp\\htdocs\\test\\app\\Views\\seferler.php', 21)
 2 SYSTEMPATH\View\View.php(228): include('C:\\xampp\\htdocs\\test\\app\\Views\\seferler.php')
 3 SYSTEMPATH\View\View.php(231): CodeIgniter\View\View->CodeIgniter\View\{closure}()
 4 SYSTEMPATH\Common.php(1178): CodeIgniter\View\View->render('seferler', [], true)
 5 APPPATH\Controllers\SeferlerController.php(19): view('seferler', [...])
 6 SYSTEMPATH\CodeIgniter.php(941): App\Controllers\SeferlerController->index()
 7 SYSTEMPATH\CodeIgniter.php(502): CodeIgniter\CodeIgniter->runController(Object(App\Controllers\SeferlerController))
 8 SYSTEMPATH\CodeIgniter.php(361): CodeIgniter\CodeIgniter->handleRequest(null, Object(Config\Cache), false)
 9 FCPATH\index.php(79): CodeIgniter\CodeIgniter->run()
CRITICAL - 2024-03-17 14:49:28 --> ErrorException: include(/admin/head.php): Failed to open stream: No such file or directory
in APPPATH\Views\seferler.php on line 4.
 1 APPPATH\Views\seferler.php(4): CodeIgniter\Debug\Exceptions->errorHandler(2, 'include(/admin/head.php): Failed to open stream: No such file or directory', 'C:\\xampp\\htdocs\\test\\app\\Views\\seferler.php', 4)
 2 APPPATH\Views\seferler.php(4): include()
 3 SYSTEMPATH\View\View.php(228): include('C:\\xampp\\htdocs\\test\\app\\Views\\seferler.php')
 4 SYSTEMPATH\View\View.php(231): CodeIgniter\View\View->CodeIgniter\View\{closure}()
 5 SYSTEMPATH\Common.php(1178): CodeIgniter\View\View->render('seferler', [], true)
 6 APPPATH\Controllers\SeferlerController.php(19): view('seferler', [...])
 7 SYSTEMPATH\CodeIgniter.php(941): App\Controllers\SeferlerController->index()
 8 SYSTEMPATH\CodeIgniter.php(502): CodeIgniter\CodeIgniter->runController(Object(App\Controllers\SeferlerController))
 9 SYSTEMPATH\CodeIgniter.php(361): CodeIgniter\CodeIgniter->handleRequest(null, Object(Config\Cache), false)
10 FCPATH\index.php(79): CodeIgniter\CodeIgniter->run()
