INFO - 2024-03-26 10:17:16 --> Session: Class initialized using 'CodeIgniter\Session\Handlers\FileHandler' driver.
ERROR - 2024-03-26 10:22:59 --> mysqli_sql_exception: Incorrect DATE value: '' in C:\xampp\htdocs\Busla\system\Database\MySQLi\Connection.php:306
Stack trace:
#0 C:\xampp\htdocs\Busla\system\Database\MySQLi\Connection.php(306): mysqli->query('SELECT `tripID`...', 0)
#1 C:\xampp\htdocs\Busla\system\Database\BaseConnection.php(693): CodeIgniter\Database\MySQLi\Connection->execute('SELECT `tripID`...')
#2 C:\xampp\htdocs\Busla\system\Database\BaseConnection.php(607): CodeIgniter\Database\BaseConnection->simpleQuery('SELECT `tripID`...')
#3 C:\xampp\htdocs\Busla\system\Database\BaseBuilder.php(1616): CodeIgniter\Database\BaseConnection->query('SELECT `tripID`...', Array, false)
#4 C:\xampp\htdocs\Busla\system\Model.php(242): CodeIgniter\Database\BaseBuilder->get()
#5 C:\xampp\htdocs\Busla\system\BaseModel.php(638): CodeIgniter\Model->doFindAll(0, 0)
#6 C:\xampp\htdocs\Busla\app\Controllers\Bilet.php(54): CodeIgniter\BaseModel->findAll()
#7 C:\xampp\htdocs\Busla\system\CodeIgniter.php(941): App\Controllers\Bilet->biletAra()
#8 C:\xampp\htdocs\Busla\system\CodeIgniter.php(502): CodeIgniter\CodeIgniter->runController(Object(App\Controllers\Bilet))
#9 C:\xampp\htdocs\Busla\system\CodeIgniter.php(361): CodeIgniter\CodeIgniter->handleRequest(NULL, Object(Config\Cache), false)
#10 C:\xampp\htdocs\Busla\public\index.php(79): CodeIgniter\CodeIgniter->run()
#11 C:\xampp\htdocs\Busla\system\Commands\Server\rewrite.php(47): require_once('C:\\xampp\\htdocs...')
#12 {main}
CRITICAL - 2024-03-26 10:22:59 --> CodeIgniter\Database\Exceptions\DatabaseException: Incorrect DATE value: ''
in SYSTEMPATH\Database\BaseConnection.php on line 647.
 1 SYSTEMPATH\Database\BaseBuilder.php(1616): CodeIgniter\Database\BaseConnection->query('SELECT `tripID`, `tripType`, `departureTime`, `arrivalTime`, `departure`.`city` AS `departureCity`, `arrival`.`city` AS `arrivalCity`, `departure`.`terminalName` AS `departureTerminal`, `arrival`.`terminalName` AS `arrivalTerminal`, `busCompanyID`, `busPlate`
FROM `seyahatlertablosu`
JOIN `terminaller` AS `departure` ON `departure`.`terminalID` = `seyahatlertablosu`.`departureTerminalID`
JOIN `terminaller` AS `arrival` ON `arrival`.`terminalID` = `seyahatlertablosu`.`arrivalTerminalID`
WHERE `departure`.`city` = :departure.city:
AND `arrival`.`city` = :arrival.city:
AND DATE(departureTime) = :DATE(departureTime):
AND `tripType` IN :tripType:', [...], false)
 2 SYSTEMPATH\Model.php(242): CodeIgniter\Database\BaseBuilder->get()
 3 SYSTEMPATH\BaseModel.php(638): CodeIgniter\Model->doFindAll(0, 0)
 4 APPPATH\Controllers\Bilet.php(54): CodeIgniter\BaseModel->findAll()
 5 SYSTEMPATH\CodeIgniter.php(941): App\Controllers\Bilet->biletAra()
 6 SYSTEMPATH\CodeIgniter.php(502): CodeIgniter\CodeIgniter->runController(Object(App\Controllers\Bilet))
 7 SYSTEMPATH\CodeIgniter.php(361): CodeIgniter\CodeIgniter->handleRequest(null, Object(Config\Cache), false)
 8 FCPATH\index.php(79): CodeIgniter\CodeIgniter->run()
 9 SYSTEMPATH\Commands\Server\rewrite.php(47): require_once('C:\\xampp\\htdocs\\Busla\\public\\index.php')
CRITICAL - 2024-03-26 10:22:59 --> [Caused by] CodeIgniter\Database\Exceptions\DatabaseException: Incorrect DATE value: ''
in SYSTEMPATH\Database\MySQLi\Connection.php on line 311.
 1 SYSTEMPATH\Database\BaseConnection.php(693): CodeIgniter\Database\MySQLi\Connection->execute('SELECT `tripID`, `tripType`, `departureTime`, `arrivalTime`, `departure`.`city` AS `departureCity`, `arrival`.`city` AS `arrivalCity`, `departure`.`terminalName` AS `departureTerminal`, `arrival`.`terminalName` AS `arrivalTerminal`, `busCompanyID`, `busPlate`
FROM `seyahatlertablosu`
JOIN `terminaller` AS `departure` ON `departure`.`terminalID` = `seyahatlertablosu`.`departureTerminalID`
JOIN `terminaller` AS `arrival` ON `arrival`.`terminalID` = `seyahatlertablosu`.`arrivalTerminalID`
WHERE `departure`.`city` = \'İstanbul \'
AND `arrival`.`city` = \'Ankara\'
AND DATE(departureTime) = \'\'
AND `tripType` IN (\'OneWay\')')
 2 SYSTEMPATH\Database\BaseConnection.php(607): CodeIgniter\Database\BaseConnection->simpleQuery('SELECT `tripID`, `tripType`, `departureTime`, `arrivalTime`, `departure`.`city` AS `departureCity`, `arrival`.`city` AS `arrivalCity`, `departure`.`terminalName` AS `departureTerminal`, `arrival`.`terminalName` AS `arrivalTerminal`, `busCompanyID`, `busPlate`
FROM `seyahatlertablosu`
JOIN `terminaller` AS `departure` ON `departure`.`terminalID` = `seyahatlertablosu`.`departureTerminalID`
JOIN `terminaller` AS `arrival` ON `arrival`.`terminalID` = `seyahatlertablosu`.`arrivalTerminalID`
WHERE `departure`.`city` = \'İstanbul \'
AND `arrival`.`city` = \'Ankara\'
AND DATE(departureTime) = \'\'
AND `tripType` IN (\'OneWay\')')
 3 SYSTEMPATH\Database\BaseBuilder.php(1616): CodeIgniter\Database\BaseConnection->query('SELECT `tripID`, `tripType`, `departureTime`, `arrivalTime`, `departure`.`city` AS `departureCity`, `arrival`.`city` AS `arrivalCity`, `departure`.`terminalName` AS `departureTerminal`, `arrival`.`terminalName` AS `arrivalTerminal`, `busCompanyID`, `busPlate`
FROM `seyahatlertablosu`
JOIN `terminaller` AS `departure` ON `departure`.`terminalID` = `seyahatlertablosu`.`departureTerminalID`
JOIN `terminaller` AS `arrival` ON `arrival`.`terminalID` = `seyahatlertablosu`.`arrivalTerminalID`
WHERE `departure`.`city` = :departure.city:
AND `arrival`.`city` = :arrival.city:
AND DATE(departureTime) = :DATE(departureTime):
AND `tripType` IN :tripType:', [...], false)
 4 SYSTEMPATH\Model.php(242): CodeIgniter\Database\BaseBuilder->get()
 5 SYSTEMPATH\BaseModel.php(638): CodeIgniter\Model->doFindAll(0, 0)
 6 APPPATH\Controllers\Bilet.php(54): CodeIgniter\BaseModel->findAll()
 7 SYSTEMPATH\CodeIgniter.php(941): App\Controllers\Bilet->biletAra()
 8 SYSTEMPATH\CodeIgniter.php(502): CodeIgniter\CodeIgniter->runController(Object(App\Controllers\Bilet))
 9 SYSTEMPATH\CodeIgniter.php(361): CodeIgniter\CodeIgniter->handleRequest(null, Object(Config\Cache), false)
10 FCPATH\index.php(79): CodeIgniter\CodeIgniter->run()
11 SYSTEMPATH\Commands\Server\rewrite.php(47): require_once('C:\\xampp\\htdocs\\Busla\\public\\index.php')
CRITICAL - 2024-03-26 10:22:59 --> [Caused by] mysqli_sql_exception: Incorrect DATE value: ''
in SYSTEMPATH\Database\MySQLi\Connection.php on line 306.
 1 SYSTEMPATH\Database\MySQLi\Connection.php(306): mysqli->query('SELECT `tripID`, `tripType`, `departureTime`, `arrivalTime`, `departure`.`city` AS `departureCity`, `arrival`.`city` AS `arrivalCity`, `departure`.`terminalName` AS `departureTerminal`, `arrival`.`terminalName` AS `arrivalTerminal`, `busCompanyID`, `busPlate`
FROM `seyahatlertablosu`
JOIN `terminaller` AS `departure` ON `departure`.`terminalID` = `seyahatlertablosu`.`departureTerminalID`
JOIN `terminaller` AS `arrival` ON `arrival`.`terminalID` = `seyahatlertablosu`.`arrivalTerminalID`
WHERE `departure`.`city` = \'İstanbul \'
AND `arrival`.`city` = \'Ankara\'
AND DATE(departureTime) = \'\'
AND `tripType` IN (\'OneWay\')', 0)
 2 SYSTEMPATH\Database\BaseConnection.php(693): CodeIgniter\Database\MySQLi\Connection->execute('SELECT `tripID`, `tripType`, `departureTime`, `arrivalTime`, `departure`.`city` AS `departureCity`, `arrival`.`city` AS `arrivalCity`, `departure`.`terminalName` AS `departureTerminal`, `arrival`.`terminalName` AS `arrivalTerminal`, `busCompanyID`, `busPlate`
FROM `seyahatlertablosu`
JOIN `terminaller` AS `departure` ON `departure`.`terminalID` = `seyahatlertablosu`.`departureTerminalID`
JOIN `terminaller` AS `arrival` ON `arrival`.`terminalID` = `seyahatlertablosu`.`arrivalTerminalID`
WHERE `departure`.`city` = \'İstanbul \'
AND `arrival`.`city` = \'Ankara\'
AND DATE(departureTime) = \'\'
AND `tripType` IN (\'OneWay\')')
 3 SYSTEMPATH\Database\BaseConnection.php(607): CodeIgniter\Database\BaseConnection->simpleQuery('SELECT `tripID`, `tripType`, `departureTime`, `arrivalTime`, `departure`.`city` AS `departureCity`, `arrival`.`city` AS `arrivalCity`, `departure`.`terminalName` AS `departureTerminal`, `arrival`.`terminalName` AS `arrivalTerminal`, `busCompanyID`, `busPlate`
FROM `seyahatlertablosu`
JOIN `terminaller` AS `departure` ON `departure`.`terminalID` = `seyahatlertablosu`.`departureTerminalID`
JOIN `terminaller` AS `arrival` ON `arrival`.`terminalID` = `seyahatlertablosu`.`arrivalTerminalID`
WHERE `departure`.`city` = \'İstanbul \'
AND `arrival`.`city` = \'Ankara\'
AND DATE(departureTime) = \'\'
AND `tripType` IN (\'OneWay\')')
 4 SYSTEMPATH\Database\BaseBuilder.php(1616): CodeIgniter\Database\BaseConnection->query('SELECT `tripID`, `tripType`, `departureTime`, `arrivalTime`, `departure`.`city` AS `departureCity`, `arrival`.`city` AS `arrivalCity`, `departure`.`terminalName` AS `departureTerminal`, `arrival`.`terminalName` AS `arrivalTerminal`, `busCompanyID`, `busPlate`
FROM `seyahatlertablosu`
JOIN `terminaller` AS `departure` ON `departure`.`terminalID` = `seyahatlertablosu`.`departureTerminalID`
JOIN `terminaller` AS `arrival` ON `arrival`.`terminalID` = `seyahatlertablosu`.`arrivalTerminalID`
WHERE `departure`.`city` = :departure.city:
AND `arrival`.`city` = :arrival.city:
AND DATE(departureTime) = :DATE(departureTime):
AND `tripType` IN :tripType:', [...], false)
 5 SYSTEMPATH\Model.php(242): CodeIgniter\Database\BaseBuilder->get()
 6 SYSTEMPATH\BaseModel.php(638): CodeIgniter\Model->doFindAll(0, 0)
 7 APPPATH\Controllers\Bilet.php(54): CodeIgniter\BaseModel->findAll()
 8 SYSTEMPATH\CodeIgniter.php(941): App\Controllers\Bilet->biletAra()
 9 SYSTEMPATH\CodeIgniter.php(502): CodeIgniter\CodeIgniter->runController(Object(App\Controllers\Bilet))
10 SYSTEMPATH\CodeIgniter.php(361): CodeIgniter\CodeIgniter->handleRequest(null, Object(Config\Cache), false)
11 FCPATH\index.php(79): CodeIgniter\CodeIgniter->run()
12 SYSTEMPATH\Commands\Server\rewrite.php(47): require_once('C:\\xampp\\htdocs\\Busla\\public\\index.php')
INFO - 2024-03-26 21:44:23 --> Session: Class initialized using 'CodeIgniter\Session\Handlers\FileHandler' driver.
INFO - 2024-03-26 21:44:26 --> Session: Class initialized using 'CodeIgniter\Session\Handlers\FileHandler' driver.
INFO - 2024-03-26 21:44:35 --> Session: Class initialized using 'CodeIgniter\Session\Handlers\FileHandler' driver.
INFO - 2024-03-26 21:44:40 --> Session: Class initialized using 'CodeIgniter\Session\Handlers\FileHandler' driver.
